
Gurobi 10.0.0 (win64, Python) logging started Fri Mar  8 21:10:15 2024

Set parameter Username
Set parameter LogFile to value "C:/Users/bruno/Documents/GitHub/wardUCPSCC2024/output/14nodes/case 1/exp_1//unit_commitment_14nodes.log"
Academic license - for non-commercial use only - expires 2024-12-19
Set parameter Method to value 2
Set parameter TimeLimit to value 3599.9576576
Gurobi Optimizer version 10.0.0 build v10.0.0rc2 (win64)

CPU model: Intel(R) Core(TM) i7-8700 CPU @ 3.20GHz, instruction set [SSE2|AVX|AVX2]
Thread count: 6 physical cores, 12 logical processors, using up to 12 threads

Optimize a model with 52 rows, 68 columns and 141 nonzeros
Model fingerprint: 0x3427d0f4
Variable types: 58 continuous, 10 integer (10 binary)
Coefficient statistics:
  Matrix range     [1e+00, 1e+02]
  Objective range  [1e-01, 8e+02]
  Bounds range     [1e+00, 4e+03]
  RHS range        [1e+00, 1e+01]
Presolve removed 25 rows and 35 columns
Presolve time: 0.00s
Presolved: 27 rows, 33 columns, 86 nonzeros
Variable types: 33 continuous, 0 integer (0 binary)
Root barrier log...

Ordering time: 0.00s

Barrier statistics:
 AA' NZ     : 8.000e+01
 Factor NZ  : 2.660e+02
 Factor Ops : 3.234e+03 (less than 1 second per iteration)
 Threads    : 1

                  Objective                Residual
Iter       Primal          Dual         Primal    Dual     Compl     Time
   0   5.31874480e+07 -1.10050129e+09  4.40e+03 7.00e+01  3.85e+07     0s
   1   2.21600908e+07 -2.27935968e+08  5.69e+02 4.55e-12  4.87e+06     0s
   2   6.23098302e+06 -1.33954308e+07  2.25e+01 3.09e-11  2.91e+05     0s
   3   6.42070233e+05 -1.40089200e+06  1.30e-01 3.64e-12  2.57e+04     0s
   4   8.56953926e+04 -3.20032493e+05  9.59e-03 5.46e-12  5.08e+03     0s
   5   2.03072068e+04 -1.20807188e+05  1.03e-03 2.73e-12  1.76e+03     0s
   6   7.90391238e+03 -1.49847826e+04  2.14e-04 1.16e-12  2.86e+02     0s
   7   5.68737179e+03 -2.86666575e+03  1.22e-04 1.56e-12  1.07e+02     0s
   8   4.65018723e+03  3.02450465e+03  1.91e-05 1.79e-12  2.03e+01     0s
   9   4.50295728e+03  4.49462739e+03  7.85e-09 1.82e-12  1.04e-01     0s
  10   4.50050246e+03  4.50049413e+03  3.22e-09 1.14e-13  1.04e-04     0s
  11   4.50050000e+03  4.50049999e+03  8.98e-09 2.10e-12  1.04e-07     0s
  12   4.50050000e+03  4.50050000e+03  6.82e-11 9.09e-13  1.04e-10     0s

Barrier solved model in 12 iterations and 0.01 seconds (0.00 work units)
Optimal objective 4.50050000e+03


Root relaxation: objective 4.500500e+03, 12 iterations, 0.01 seconds (0.00 work units)

    Nodes    |    Current Node    |     Objective Bounds      |     Work
 Expl Unexpl |  Obj  Depth IntInf | Incumbent    BestBd   Gap | It/Node Time

*    0     0               0    4500.5000000 4500.50000  0.00%     -    0s

Explored 1 nodes (12 simplex iterations) in 0.02 seconds (0.00 work units)
Thread count was 12 (of 12 available processors)

Solution count 1: 4500.5 

Optimal solution found (tolerance 1.00e-04)
Best objective 4.500500000001e+03, best bound 4.500500000001e+03, gap 0.0000%
