
Gurobi 11.0.0 (win64, gurobi_cl) logging started Wed Dec 13 15:15:46 2023

Set parameter Username
Set parameter LogFile to value "gurobi.log"
Using license file C:\Users\bruno\y\gurobi.lic
Academic license - for non-commercial use only - expires 2024-12-10

Gurobi Optimizer version 11.0.0 build v11.0.0rc2 (win64 - Windows 11.0 (22621.2))
Copyright (c) 2023, Gurobi Optimization, LLC

Read MPS format model from file sp.mps
Reading time = 0.98 seconds
F_RANK_0_forward_subh_0_SP: 337048 rows, 309361 columns, 965787 nonzeros

CPU model: Intel(R) Core(TM) i7-8700 CPU @ 3.20GHz, instruction set [SSE2|AVX|AVX2]
Thread count: 6 physical cores, 12 logical processors, using up to 12 threads

Optimize a model with 337048 rows, 309361 columns and 965787 nonzeros
Model fingerprint: 0x9cbf9dee
Coefficient statistics:
  Matrix range     [8e-05, 3e+03]
  Objective range  [0e+00, 0e+00]
  Bounds range     [1e-03, 4e+03]
  RHS range        [1e-04, 1e+06]
Presolve removed 251403 rows and 204092 columns
Presolve time: 0.54s
Presolved: 85645 rows, 120092 columns, 503450 nonzeros

Concurrent LP optimizer: primal simplex, dual simplex, and barrier
Showing barrier log only...

Ordering time: 2.54s

Barrier statistics:
 AA' NZ     : 8.128e+05
 Factor NZ  : 2.987e+07 (roughly 300 MB of memory)
 Factor Ops : 5.996e+10 (roughly 1 second per iteration)
 Threads    : 4

                  Objective                Residual
Iter       Primal          Dual         Primal    Dual     Compl     Time
   0   0.00000000e+00 -3.80974975e+08  2.75e+08 0.00e+00  5.78e+03     4s
   1   0.00000000e+00 -8.81124672e+07  5.23e+07 3.61e-16  1.01e+03     5s
   2   0.00000000e+00 -1.62592625e+07  8.44e+06 2.71e-16  1.58e+02     6s
   3   0.00000000e+00 -1.18766081e+06  6.65e+05 2.33e-15  1.18e+01     7s
   4   0.00000000e+00 -2.06366813e+05  1.11e+05 9.44e-16  1.97e+00     7s
   5   0.00000000e+00 -5.71018671e+04  3.44e+04 1.72e-15  5.54e-01     8s
   6   0.00000000e+00 -2.40333092e+04  1.67e+04 1.55e-15  2.41e-01     9s
   7   0.00000000e+00 -1.81673695e+04  7.89e+03 1.84e-10  1.38e-01    10s
   8   0.00000000e+00 -1.12194150e+04  4.05e+03 1.21e-10  7.56e-02    11s
   9   0.00000000e+00 -7.38564939e+03  2.67e+03 6.61e-11  4.80e-02    12s
  10   0.00000000e+00 -5.88340357e+03  1.90e+03 6.21e-11  3.60e-02    13s
  11   0.00000000e+00 -5.05202124e+03  1.31e+03 5.74e-11  2.86e-02    14s
  12   0.00000000e+00 -2.78215854e+03  8.47e+02 1.54e-10  1.63e-02    16s
  13   0.00000000e+00 -1.80657401e+03  6.24e+02 2.02e-10  1.10e-02    16s
  14   0.00000000e+00 -1.55015089e+03  5.45e+02 1.96e-10  9.60e-03    17s
  15   0.00000000e+00 -1.08444895e+03  4.50e+02 1.71e-10  7.30e-03    18s
  16   0.00000000e+00 -8.24650861e+02  3.66e+02 1.49e-10  5.88e-03    19s
  17   0.00000000e+00 -6.83600455e+02  2.75e+02 1.49e-10  4.91e-03    20s
  18   0.00000000e+00 -4.50842389e+02  2.39e+02 1.43e-10  4.11e-03    21s
  19   0.00000000e+00  2.69173243e+02  2.12e+02 2.01e-10  3.78e-03    21s
  20   0.00000000e+00  1.69241958e+03  2.00e+02 1.94e-10  4.06e-03    22s
  21   0.00000000e+00  2.74882721e+03  1.78e+02 1.93e-10  3.07e-03    23s
  22   0.00000000e+00  5.82137094e+03  1.71e+02 6.95e-12  3.05e-03    24s
  23   0.00000000e+00  1.29800764e+04  1.70e+02 1.29e-11  3.94e-03    25s
  24   0.00000000e+00  1.98426474e+04  1.67e+02 2.35e-12  3.88e-03    26s
  25   0.00000000e+00  5.91834089e+04  1.66e+02 1.59e-11  6.28e-03    27s
  26   0.00000000e+00  6.24062215e+04  1.65e+02 1.59e-11  4.83e-03    28s
  27   0.00000000e+00  1.03732418e+05  1.63e+02 2.96e-11  4.14e-03    29s
  28   0.00000000e+00  2.13896403e+05  1.63e+02 2.55e-11  6.37e-03    30s
  29   0.00000000e+00  3.49050594e+05  1.63e+02 5.73e-11  9.05e-03    32s
  30   0.00000000e+00  3.49036670e+05  1.63e+02 3.64e-12  9.06e-03    33s
  31   0.00000000e+00  3.51343282e+05  1.63e+02 1.82e-12  9.10e-03    34s
  32   0.00000000e+00  4.16522631e+05  1.62e+02 1.31e-10  9.75e-03    35s

Barrier performed 32 iterations in 35.36 seconds (29.44 work units)
Numerical trouble encountered

Model may be infeasible or unbounded.  Consider using the
homogeneous algorithm (through parameter 'BarHomogeneous')


Solved with dual simplex

Solved in 34190 iterations and 35.62 seconds (20.10 work units)
Infeasible model

Gurobi 11.0.0 (win64, gurobi_cl) logging started Wed Dec 13 16:41:02 2023

Set parameter Username
Set parameter LogFile to value "gurobi.log"
Using license file C:\Users\bruno\y\gurobi.lic
Academic license - for non-commercial use only - expires 2024-12-10

Gurobi Optimizer version 11.0.0 build v11.0.0rc2 (win64 - Windows 11.0 (22621.2))
Copyright (c) 2023, Gurobi Optimization, LLC

Read MPS format model from file sp.mps
Reading time = 0.98 seconds
F_RANK_0_forward_subh_0_SP: 337048 rows, 309361 columns, 965787 nonzeros

CPU model: Intel(R) Core(TM) i7-8700 CPU @ 3.20GHz, instruction set [SSE2|AVX|AVX2]
Thread count: 6 physical cores, 12 logical processors, using up to 12 threads

Optimize a model with 337048 rows, 309361 columns and 965787 nonzeros
Model fingerprint: 0x9cbf9dee
Coefficient statistics:
  Matrix range     [8e-05, 3e+03]
  Objective range  [0e+00, 0e+00]
  Bounds range     [1e-03, 4e+03]
  RHS range        [1e-04, 1e+06]
Presolve removed 251403 rows and 204092 columns
Presolve time: 0.53s
Presolved: 85645 rows, 120092 columns, 503450 nonzeros

Concurrent LP optimizer: primal simplex, dual simplex, and barrier
Showing barrier log only...

Ordering time: 2.56s

Barrier statistics:
 AA' NZ     : 8.128e+05
 Factor NZ  : 2.987e+07 (roughly 300 MB of memory)
 Factor Ops : 5.996e+10 (roughly 1 second per iteration)
 Threads    : 4

Barrier performed 0 iterations in 3.41 seconds (1.51 work units)
Optimization interrupted



Stopped in 0 iterations and 3.44 seconds (2.01 work units)
Solve interrupted

Gurobi 11.0.0 (win64, gurobi_cl) logging started Wed Dec 13 17:51:22 2023

Set parameter Username
Set parameter LogFile to value "gurobi.log"
Using license file C:\Users\bruno\y\gurobi.lic
Academic license - for non-commercial use only - expires 2024-12-10

Gurobi Optimizer version 11.0.0 build v11.0.0rc2 (win64 - Windows 11.0 (22621.2))
Copyright (c) 2023, Gurobi Optimization, LLC

Read MPS format model from file sp.mps
Reading time = 0.20 seconds
F_RANK_0_forward_subh_0_SP: 73962 rows, 65900 columns, 217732 nonzeros

CPU model: Intel(R) Core(TM) i7-8700 CPU @ 3.20GHz, instruction set [SSE2|AVX|AVX2]
Thread count: 6 physical cores, 12 logical processors, using up to 12 threads

Optimize a model with 73962 rows, 65900 columns and 217732 nonzeros
Model fingerprint: 0x7831af3d
Coefficient statistics:
  Matrix range     [9e-05, 1e+02]
  Objective range  [1e-01, 1e+02]
  Bounds range     [6e-02, 4e+03]
  RHS range        [4e-02, 7e+01]
Presolve removed 53988 rows and 42318 columns
Presolve time: 0.10s
Presolved: 19974 rows, 26375 columns, 102540 nonzeros

Concurrent LP optimizer: primal simplex, dual simplex, and barrier
Showing barrier log only...

Ordering time: 0.27s

Barrier statistics:
 AA' NZ     : 1.777e+05
 Factor NZ  : 1.682e+06 (roughly 30 MB of memory)
 Factor Ops : 4.370e+08 (less than 1 second per iteration)
 Threads    : 4

                  Objective                Residual
Iter       Primal          Dual         Primal    Dual     Compl     Time
   0   3.28548634e+08 -1.70449377e+10  9.94e+04 1.55e+00  5.25e+05     0s
   1   1.37970490e+08 -1.62977310e+09  8.75e+03 3.55e-14  4.36e+04     1s
   2   1.60714631e+07 -4.10405655e+07  1.02e+03 1.02e-12  2.12e+03     1s
   3   1.20331828e+06 -5.61622622e+06  8.14e+01 3.41e-13  2.01e+02     1s
   4   3.08954158e+05 -1.63594461e+06  1.97e+01 3.00e-12  4.71e+01     1s
   5   1.36213840e+05 -4.80513442e+05  6.23e+00 1.80e-12  1.32e+01     1s
   6   9.52510425e+04 -2.17801830e+05  2.73e+00 5.61e-13  6.31e+00     1s
   7   7.72716348e+04 -1.39983330e+05  1.77e+00 3.77e-13  4.29e+00     1s
   8   6.76155275e+04 -7.96857336e+04  1.22e+00 2.17e-13  2.87e+00     1s
   9   6.21493006e+04 -4.67258406e+04  9.53e-01 1.63e-13  2.11e+00     1s
  10   5.44582188e+04 -2.63383030e+04  6.00e-01 1.21e-13  1.55e+00     1s
  11   5.15181870e+04  9.05212755e+03  3.95e-01 4.44e-14  8.10e-01     1s
  12   4.98305040e+04  2.24482254e+04  2.90e-01 3.02e-14  5.20e-01     1s
  13   4.88340314e+04  2.73273838e+04  2.29e-01 2.31e-14  4.07e-01     1s
  14   4.82436537e+04  3.00978792e+04  2.00e-01 1.95e-14  3.43e-01     1s
  15   4.76183575e+04  3.50856430e+04  1.67e-01 1.24e-14  2.37e-01     1s

Barrier performed 15 iterations in 0.85 seconds (0.55 work units)
Barrier solve interrupted - model solved by another algorithm


Solved with dual simplex
Iteration    Objective       Primal Inf.    Dual Inf.      Time
    8313    4.3793453e+04   0.000000e+00   0.000000e+00      1s

Solved in 8313 iterations and 0.91 seconds (0.81 work units)
Optimal objective  4.379345324e+04

Gurobi 11.0.0 (win64, gurobi_cl) logging started Wed Dec 13 17:56:08 2023

Set parameter Username
Set parameter LogFile to value "gurobi.log"
Using license file C:\Users\bruno\y\gurobi.lic
Academic license - for non-commercial use only - expires 2024-12-10

Gurobi Optimizer version 11.0.0 build v11.0.0rc2 (win64 - Windows 11.0 (22621.2))
Copyright (c) 2023, Gurobi Optimization, LLC

Read LP format model from file sp.lp
Reading time = 0.24 seconds
: 73962 rows, 65864 columns, 217732 nonzeros

CPU model: Intel(R) Core(TM) i7-8700 CPU @ 3.20GHz, instruction set [SSE2|AVX|AVX2]
Thread count: 6 physical cores, 12 logical processors, using up to 12 threads

Optimize a model with 73962 rows, 65864 columns and 217732 nonzeros
Model fingerprint: 0x3adfd74b
Coefficient statistics:
  Matrix range     [9e-05, 1e+02]
  Objective range  [1e-01, 1e+02]
  Bounds range     [6e-02, 4e+03]
  RHS range        [4e-02, 7e+01]
Presolve removed 54000 rows and 42294 columns
Presolve time: 0.10s
Presolved: 19962 rows, 26363 columns, 107451 nonzeros

Concurrent LP optimizer: primal simplex, dual simplex, and barrier
Showing barrier log only...

Ordering time: 0.31s

Barrier statistics:
 AA' NZ     : 1.878e+05
 Factor NZ  : 1.692e+06 (roughly 30 MB of memory)
 Factor Ops : 4.304e+08 (less than 1 second per iteration)
 Threads    : 4

                  Objective                Residual
Iter       Primal          Dual         Primal    Dual     Compl     Time
   0   3.22906325e+08 -1.52493808e+10  4.02e+05 5.57e-01  4.74e+05     1s
   1   1.29054153e+08 -1.53248354e+09  3.18e+04 2.84e-14  4.04e+04     1s
   2   1.01365734e+07 -4.46506227e+07  2.36e+03 4.33e-13  1.65e+03     1s
   3   9.16025570e+05 -5.20617934e+06  6.26e+01 2.31e-13  1.60e+02     1s
   4   1.46504075e+05 -1.44064669e+06  3.72e+00 4.29e-12  3.19e+01     1s
   5   9.24646460e+04 -5.44818129e+05  7.36e-01 1.59e-12  1.22e+01     1s
   6   7.20719884e+04 -3.34014667e+05  3.20e-01 9.91e-13  7.70e+00     1s
   7   6.26133340e+04 -1.61408424e+05  2.03e-01 5.26e-13  4.24e+00     1s
   8   5.44546643e+04 -9.01350050e+04  1.04e-01 3.41e-13  2.73e+00     1s
   9   5.15138357e+04 -4.65763983e+04  7.89e-02 2.24e-13  1.85e+00     1s
  10   4.93449446e+04  3.99384409e+02  3.36e-02 1.05e-13  9.22e-01     1s
  11   4.72091133e+04  1.72875615e+04  1.46e-02 6.39e-14  5.63e-01     1s
  12   4.62382547e+04  2.28302682e+04  8.09e-03 5.15e-14  4.41e-01     1s

Barrier performed 12 iterations in 0.82 seconds (0.54 work units)
Optimization interrupted



Stopped in 0 iterations and 0.84 seconds (0.60 work units)
Solve interrupted

Gurobi 11.0.0 (win64, gurobi_cl) logging started Thu Dec 14 12:47:31 2023

Set parameter Username
Set parameter LogFile to value "gurobi.log"
Using license file C:\Users\bruno\y\gurobi.lic
Academic license - for non-commercial use only - expires 2024-12-10

Gurobi Optimizer version 11.0.0 build v11.0.0rc2 (win64 - Windows 11.0 (22621.2))
Copyright (c) 2023, Gurobi Optimization, LLC

Read LP format model from file sp.lp
Reading time = 0.24 seconds
: 73962 rows, 65864 columns, 217732 nonzeros

CPU model: Intel(R) Core(TM) i7-8700 CPU @ 3.20GHz, instruction set [SSE2|AVX|AVX2]
Thread count: 6 physical cores, 12 logical processors, using up to 12 threads

Optimize a model with 73962 rows, 65864 columns and 217732 nonzeros
Model fingerprint: 0x9300c750
Coefficient statistics:
  Matrix range     [9e-05, 1e+02]
  Objective range  [1e-01, 1e+02]
  Bounds range     [6e-02, 4e+03]
  RHS range        [4e-02, 7e+01]
Presolve removed 53999 rows and 42286 columns
Presolve time: 0.10s
Presolved: 19963 rows, 26371 columns, 107678 nonzeros

Concurrent LP optimizer: primal simplex, dual simplex, and barrier
Showing barrier log only...

Ordering time: 0.31s

Barrier statistics:
 AA' NZ     : 1.883e+05
 Factor NZ  : 1.704e+06 (roughly 30 MB of memory)
 Factor Ops : 4.274e+08 (less than 1 second per iteration)
 Threads    : 4

                  Objective                Residual
Iter       Primal          Dual         Primal    Dual     Compl     Time
   0   3.22890897e+08 -1.52463889e+10  4.02e+05 5.57e-01  4.74e+05     1s
   1   1.29121402e+08 -1.53027415e+09  3.19e+04 2.84e-14  4.03e+04     1s
   2   1.01356210e+07 -4.46546136e+07  2.36e+03 2.49e-13  1.65e+03     1s
   3   9.16751553e+05 -5.20471183e+06  6.33e+01 1.25e-12  1.60e+02     1s
   4   1.39174406e+05 -1.44611983e+06  3.34e+00 2.43e-12  3.17e+01     1s
   5   9.11673043e+04 -5.40906787e+05  6.90e-01 8.88e-13  1.21e+01     1s
   6   7.13516302e+04 -3.22151269e+05  2.98e-01 5.40e-13  7.45e+00     1s
   7   6.26435450e+04 -1.50481393e+05  1.95e-01 2.77e-13  4.03e+00     1s
   8   5.48439972e+04 -8.22916067e+04  1.10e-01 1.74e-13  2.59e+00     1s
   9   5.13673846e+04 -4.69820253e+04  7.85e-02 1.24e-13  1.85e+00     1s
  10   4.93790223e+04 -1.11046832e+02  4.82e-02 6.04e-14  9.32e-01     1s
  11   4.75273190e+04  2.01040358e+04  2.20e-02 3.38e-14  5.16e-01     1s
  12   4.64338813e+04  2.60783827e+04  1.30e-02 2.40e-14  3.83e-01     1s
  13   4.58714924e+04  3.14686545e+04  8.98e-03 1.60e-14  2.71e-01     1s
  14   4.54348730e+04  3.46539987e+04  6.54e-03 1.24e-14  2.03e-01     1s
  15   4.49558111e+04  3.70802866e+04  4.41e-03 9.77e-15  1.48e-01     1s

Barrier performed 15 iterations in 0.90 seconds (0.61 work units)
Barrier solve interrupted - model solved by another algorithm


Solved with dual simplex
Iteration    Objective       Primal Inf.    Dual Inf.      Time
    8630    4.3808591e+04   0.000000e+00   0.000000e+00      1s

Solved in 8630 iterations and 0.99 seconds (0.84 work units)
Optimal objective  4.380859073e+04

Gurobi 11.0.0 (win64, gurobi_cl) logging started Thu Dec 14 15:48:11 2023

Set parameter Username
Set parameter LogFile to value "gurobi.log"
Using license file C:\Users\bruno\y\gurobi.lic
Academic license - for non-commercial use only - expires 2024-12-10

Gurobi Optimizer version 11.0.0 build v11.0.0rc2 (win64 - Windows 11.0 (22621.2))
Copyright (c) 2023, Gurobi Optimization, LLC

Read LP format model from file sp.lp
Reading time = 0.03 seconds
: 12972 rows, 9896 columns, 27278 nonzeros

CPU model: Intel(R) Core(TM) i7-8700 CPU @ 3.20GHz, instruction set [SSE2|AVX|AVX2]
Thread count: 6 physical cores, 12 logical processors, using up to 12 threads

Optimize a model with 12972 rows, 9896 columns and 27278 nonzeros
Model fingerprint: 0x2cfc4fb8
Coefficient statistics:
  Matrix range     [6e-03, 8e+00]
  Objective range  [3e-01, 5e+02]
  Bounds range     [1e+00, 1e+01]
  RHS range        [5e-01, 4e+01]
Presolve removed 12273 rows and 8886 columns
Presolve time: 0.01s
Presolved: 699 rows, 1418 columns, 2744 nonzeros

Iteration    Objective       Primal Inf.    Dual Inf.      Time
       0    4.3493184e+01   5.062424e+02   0.000000e+00      0s
      59    9.1913178e+02   0.000000e+00   0.000000e+00      0s

Solved in 59 iterations and 0.02 seconds (0.01 work units)
Optimal objective  9.191317804e+02

Gurobi 11.0.0 (win64, gurobi_cl) logging started Fri Dec 15 16:12:14 2023

Set parameter Username
Set parameter LogFile to value "gurobi.log"
Using license file C:\Users\bruno\y\gurobi.lic
Academic license - for non-commercial use only - expires 2024-12-10

Gurobi Optimizer version 11.0.0 build v11.0.0rc2 (win64 - Windows 11.0 (22621.2))
Copyright (c) 2023, Gurobi Optimization, LLC

Read LP format model from file sp.lp
Reading time = 0.46 seconds
: 194830 rows, 199988 columns, 332568 nonzeros

CPU model: Intel(R) Core(TM) i7-8700 CPU @ 3.20GHz, instruction set [SSE2|AVX|AVX2]
Thread count: 6 physical cores, 12 logical processors, using up to 12 threads

Optimize a model with 194830 rows, 199988 columns and 332568 nonzeros
Model fingerprint: 0xdfa54632
Coefficient statistics:
  Matrix range     [8e-05, 1e+02]
  Objective range  [9e-03, 3e+03]
  Bounds range     [1e-03, 4e+03]
  RHS range        [3e-04, 6e+01]
Presolve removed 168455 rows and 174758 columns
Presolve time: 0.16s
Presolved: 26375 rows, 25466 columns, 131103 nonzeros

Concurrent LP optimizer: primal simplex, dual simplex, and barrier
Showing barrier log only...

Ordering time: 0.32s

Barrier statistics:
 AA' NZ     : 2.552e+05
 Factor NZ  : 1.465e+06 (roughly 30 MB of memory)
 Factor Ops : 3.207e+08 (less than 1 second per iteration)
 Threads    : 4

                  Objective                Residual
Iter       Primal          Dual         Primal    Dual     Compl     Time
   0   2.26514636e+10 -1.09385006e+12  9.35e+05 1.37e+02  5.72e+07     1s
   1   1.39919974e+10 -4.52947626e+11  2.96e+05 4.31e+02  1.84e+07     1s
   2   6.15333734e+09 -8.21941323e+10  7.11e+04 1.84e+01  3.72e+06     1s
   3   2.45016627e+09 -2.92971232e+10  2.60e+04 4.30e+00  1.34e+06     1s
   4   1.19951523e+09 -9.05701608e+09  1.21e+04 2.81e-01  5.50e+05     1s
   5   7.16319242e+08 -3.96724161e+09  6.97e+03 3.30e-12  3.00e+05     1s
   6   5.66992803e+08 -3.15802240e+09  5.46e+03 3.98e-12  2.36e+05     1s
   7   4.44196703e+08 -2.37902382e+09  4.26e+03 3.75e-12  1.82e+05     1s
   8   9.51295820e+07 -1.22767007e+09  8.51e+02 1.66e-11  4.80e+04     1s
   9   3.74838317e+07 -5.92934212e+08  2.95e+02 7.28e-12  1.88e+04     1s
  10   1.66470303e+07 -2.74191901e+08  1.07e+02 4.55e-12  7.53e+03     1s
  11   1.01311015e+07 -1.17313104e+08  6.83e+01 3.64e-12  3.68e+03     1s
  12   6.77120321e+06 -7.49615987e+07  5.21e+01 4.55e-12  2.46e+03     1s
  13   4.59449298e+06 -5.53251945e+07  4.04e+01 6.37e-12  1.79e+03     1s
  14   4.34881199e+06 -5.12145409e+07  3.92e+01 5.46e-12  1.68e+03     1s
  15   4.56061312e+06 -4.82094458e+07  3.86e+01 6.37e-12  1.61e+03     1s
  16   4.37650980e+06 -3.43909926e+07  3.21e+01 3.64e-12  1.22e+03     1s
  17   3.07078946e+06 -3.34911675e+07  1.95e+01 2.73e-12  9.43e+02     1s
  18   1.84290170e+06 -1.56771548e+07  6.68e+00 4.55e-12  3.76e+02     1s
  19   1.46037067e+06 -8.64020879e+06  4.54e+00 1.00e-11  2.13e+02     1s
  20   1.20052531e+06 -5.52783942e+06  3.35e+00 7.28e-12  1.39e+02     1s
  21   8.54254111e+05 -3.07303938e+06  1.70e+00 3.30e-12  7.47e+01     1s
  22   6.23148388e+05 -1.50975855e+06  7.75e-01 4.55e-12  3.80e+01     1s
  23   4.85482591e+05 -6.99726909e+05  3.90e-01 1.76e-12  2.04e+01     1s
  24   3.80853924e+05 -2.77028769e+05  1.69e-01 1.09e-12  1.09e+01     1s
  25   3.29731561e+05 -8.33569504e+04  8.60e-02 1.07e-12  6.72e+00     1s
  26   2.84595742e+05  1.36144555e+05  2.60e-02 1.25e-12  2.38e+00     1s
  27   2.68169976e+05  1.87444213e+05  1.17e-02 9.09e-13  1.29e+00     1s
  28   2.61813019e+05  2.07981687e+05  6.90e-03 1.30e-12  8.55e-01     1s
  29   2.58998320e+05  2.29076227e+05  4.94e-03 9.79e-13  4.78e-01     1s
  30   2.56019592e+05  2.39221822e+05  3.01e-03 1.03e-12  2.69e-01     1s
  31   2.52368977e+05  2.46354063e+05  7.61e-04 1.16e-12  9.56e-02     1s
  32   2.51222427e+05  2.50047804e+05  1.03e-04 1.92e-12  1.85e-02     1s
  33   2.50973979e+05  2.50844953e+05  9.30e-06 1.57e-12  2.01e-03     1s
  34   2.50963281e+05  2.50946773e+05  1.10e-06 1.71e-12  2.57e-04     1s
  35   2.50961417e+05  2.50961340e+05  7.06e-08 1.84e-12  1.22e-06     1s
  36   2.50961371e+05  2.50961371e+05  7.74e-10 2.73e-12  9.99e-10     2s

Barrier solved model in 36 iterations and 1.51 seconds (1.09 work units)
Optimal objective 2.50961371e+05

Crossover log...

    7105 DPushes remaining with DInf 0.0000000e+00                 2s
       0 DPushes remaining with DInf 0.0000000e+00                 2s

      36 PPushes remaining with PInf 0.0000000e+00                 2s
       0 PPushes remaining with PInf 0.0000000e+00                 2s

  Push phase complete: Pinf 0.0000000e+00, Dinf 1.4676607e-09      2s


Solved with barrier
Iteration    Objective       Primal Inf.    Dual Inf.      Time
    4894    2.5096137e+05   0.000000e+00   0.000000e+00      3s

Solved in 4894 iterations and 2.60 seconds (2.16 work units)
Optimal objective  2.509613707e+05

Gurobi 11.0.0 (win64, gurobi_cl) logging started Fri Dec 15 16:23:39 2023

Set parameter Username
Set parameter LogFile to value "gurobi.log"
Using license file C:\Users\bruno\y\gurobi.lic
Academic license - for non-commercial use only - expires 2024-12-10

Gurobi Optimizer version 11.0.0 build v11.0.0rc2 (win64 - Windows 11.0 (22621.2))
Copyright (c) 2023, Gurobi Optimization, LLC

Read MPS format model from file sp.mps
Reading time = 0.43 seconds
day_ahead_subh_5: 194831 rows, 199988 columns, 337868 nonzeros

CPU model: Intel(R) Core(TM) i7-8700 CPU @ 3.20GHz, instruction set [SSE2|AVX|AVX2]
Thread count: 6 physical cores, 12 logical processors, using up to 12 threads

Optimize a model with 194831 rows, 199988 columns and 337868 nonzeros
Model fingerprint: 0x6a34342d
Coefficient statistics:
  Matrix range     [8e-05, 3e+03]
  Objective range  [0e+00, 0e+00]
  Bounds range     [1e-03, 4e+03]
  RHS range        [3e-04, 6e+01]
Presolve removed 154065 rows and 166036 columns
Presolve time: 0.05s

Solved in 0 iterations and 0.05 seconds (0.02 work units)
Infeasible model

Gurobi 10.0.3 (win64, gurobi_cl) logging started Sat Dec 16 14:12:17 2023

Set parameter Username
Set parameter LogFile to value "gurobi.log"

--------------------------------------------
Warning: your license will expire in 3 days
--------------------------------------------

Academic license - for non-commercial use only - expires 2023-12-19
Using license file C:\Users\bruno\gurobi.lic

Gurobi Optimizer version 10.0.3 build v10.0.3rc0 (win64)
Copyright (c) 2023, Gurobi Optimization, LLC

Read MPS format model from file dual.mps
Reading time = 0.08 seconds
dual: 11002 rows, 32356 columns, 66907 nonzeros

CPU model: Intel(R) Core(TM) i7-8700 CPU @ 3.20GHz, instruction set [SSE2|AVX|AVX2]
Thread count: 6 physical cores, 12 logical processors, using up to 12 threads

Optimize a model with 11002 rows, 32356 columns and 66907 nonzeros
Model fingerprint: 0x12f57be3
Coefficient statistics:
  Matrix range     [9e-05, 1e+20]
  Objective range  [2e-02, 3e+21]
  Bounds range     [1e+00, 1e+00]
  RHS range        [1e+00, 1e+00]
Warning: Model contains large matrix coefficient range
Warning: Model contains large objective coefficients
         Consider reformulating model or setting NumericFocus parameter
         to avoid numerical issues.
Presolve removed 6328 rows and 22328 columns
Presolve time: 0.06s
Presolved: 4674 rows, 10028 columns, 41589 nonzeros

Concurrent LP optimizer: primal simplex, dual simplex, and barrier
Showing barrier log only...

Ordering time: 0.00s

Barrier statistics:
 Dense cols : 10
 Free vars  : 1170
 AA' NZ     : 7.147e+04
 Factor NZ  : 3.621e+05 (roughly 9 MB of memory)
 Factor Ops : 5.966e+07 (less than 1 second per iteration)
 Threads    : 4

                  Objective                Residual
Iter       Primal          Dual         Primal    Dual     Compl     Time
   0  -1.58789611e+18  1.19510862e+15  1.77e+04 3.81e+15  1.42e+12     0s
   1  -1.44619839e+18  1.19504153e+15  1.77e+04 3.81e+15  1.44e+12     0s
   2  -1.68008238e+18  7.19212233e+14  1.75e+04 1.82e+15  1.56e+13     0s
   3  -7.24576120e+17  2.68007085e+14  7.49e+03 4.82e+14  1.48e+13     0s
   4  -6.42391458e+16  1.86001282e+14  1.18e+03 1.81e+14  1.33e+12     0s
   5  -1.77375113e+16  8.82111969e+13  4.87e+02 5.69e+13  5.62e+11     0s
   6  -4.73006652e+15  5.08985737e+13  1.69e+02 2.72e+13  1.51e+11     0s
   7  -1.59218218e+14  1.29541646e+13  1.49e+02 5.86e+12  1.00e+10     0s
   8  -4.24043703e+13  4.15381837e+12  1.17e+02 1.77e+12  2.93e+09     0s
   9  -3.45128767e+13  1.40928428e+12  9.03e+01 5.72e+11  8.66e+08     0s
  10  -1.53078829e+12  5.57125200e+11  8.99e+00 2.17e+11  2.50e+08     0s
  11  -3.59314545e+10  9.64671452e+09  9.76e-03 3.18e+09  3.75e+06     0s
  12  -4.79909958e+07  1.07558928e+08  1.76e-04 3.22e+07  3.96e+04     0s
  13  -1.96897409e+07  9.68455959e+07  3.95e-05 2.91e+07  3.52e+04     0s
  14  -1.58789896e+19  1.21772840e+15  1.77e+05 3.81e+15  1.33e+13     0s
  15  -1.58727669e+19  4.78703199e+15  1.77e+05 3.82e+15  2.61e+13     0s
  16  -1.57991718e+19  1.53401636e+16  1.77e+05 3.82e+15  1.14e+14     0s
  17  -1.56191183e+19  3.05307289e+16  1.77e+05 3.82e+15  2.94e+14     0s
  18  -1.42465659e+19  1.34738337e+17  1.75e+05 3.79e+15  1.43e+15     0s
  19* -4.64300814e+18  8.53281539e+16  1.25e+03 1.07e+13  3.71e+10     0s
  20* -8.15118847e+17  4.37684975e+16  5.30e+02 2.39e+12  8.16e+09     0s
  21  -4.29721941e+17  1.14235021e+16  1.53e+04 3.05e+13  1.71e+13     0s
  22  -2.72922757e+16  3.39524219e+15  9.75e+02 1.92e+12  9.69e+11     0s
  23  -5.75320626e+15  4.08358604e+14  2.05e+02 2.37e+11  1.45e+11     0s
  24  -1.09080134e+14  3.34158461e+13  4.29e+00 9.08e+09  6.07e+09     0s
  25  -1.47409506e+13  2.72012741e+13  7.20e-01 6.43e+09  3.93e+09     0s
  26  -2.65013591e+12  3.76633899e+12  8.10e-01 9.19e+07  1.60e+08     0s
  27  -8.30223866e+10  2.40122260e+12  8.88e-01 1.70e+07  5.00e+07     0s
  28  -1.85739944e+11  9.38276973e+11  9.10e-01 7.61e+06  1.89e+07     0s
  29  -1.22177000e+11  7.50711836e+11  8.97e-01 6.09e+06  1.43e+07     0s
  30  -4.05862606e+10  5.94569790e+11  8.46e-01 4.86e+06  1.13e+07     0s
  31  -3.89175532e+10  5.89429747e+11  1.64e+00 4.82e+06  6.40e+07     0s
  32  -3.29123578e+10  5.35886123e+11  1.41e+01 4.41e+06  2.77e+09     0s
  33* -3.35714426e+10  5.33353534e+11  1.86e-01 1.04e+01  8.79e+03     0s
  34* -3.26357539e+10  5.30828416e+11  2.19e-01 9.19e+00  3.12e+04     0s
  35* -3.77852089e+10  3.51822044e+11  2.61e-01 6.16e+00  1.47e+05     0s
  36* -2.96228280e+10  1.86374788e+11  3.00e-01 2.77e+00  4.96e+04     0s
  37* -2.45519092e+10  1.83531895e+11  2.96e-01 2.80e+00  4.59e+04     0s
  38* -2.06897643e+10  1.53022458e+11  2.96e-01 2.49e+00  4.81e+04     0s
  39* -1.85746358e+10  1.33288578e+11  2.93e-01 2.39e+00  4.92e+04     0s
  40  -2.77461244e+10  1.02336642e+11  1.36e+01 7.23e+00  7.34e+08     0s
  41  -1.98329683e+10  3.99738241e+09  7.07e+00 1.06e+01  9.85e+07     0s
  42  -8.76283601e+09  1.49888632e+09  4.67e+00 3.71e+00  1.75e+08     0s
  43  -2.04561797e+09  2.55137744e+08  1.78e+00 9.71e-01  1.63e+07     0s
  44  -9.90397451e+08  1.18721093e+08  9.86e-01 8.56e-01  4.60e+06     0s
  45  -5.24263010e+08  5.43704127e+07  6.01e-01 7.70e-01  3.35e+06     0s
  46  -1.30658215e+08  1.94523881e+07  1.86e-01 5.59e-01  9.82e+05     0s
  47  -7.36010272e+07  1.04996342e+07  1.03e-01 4.16e-01  5.10e+05     0s
  48  -6.13943858e+07  6.92740716e+06  9.43e-02 3.71e-01  8.40e+05     0s
  49  -2.93629454e+07  4.80956874e+06  4.28e-02 4.11e-01  4.48e+05     0s
  50  -1.81816784e+07  2.11968922e+06  2.39e-02 1.06e+00  2.20e+05     0s
  51  -1.05106795e+07  1.39805549e+06  1.25e-02 6.65e-01  1.41e+05     0s
  52  -9.32450891e+06  8.93749640e+05  8.81e-03 5.79e-02  1.15e+05     0s
  53  -5.53422576e+06  4.67863091e+05  4.57e-03 4.00e-01  5.75e+04     0s
  54  -2.06255729e+06  2.40567837e+05  2.98e-03 2.31e-02  2.78e+04     1s
  55  -1.23336327e+06  1.61949014e+05  1.44e-03 1.14e+00  1.69e+04     1s
  56  -3.49433182e+05  1.20316396e+05  3.79e-04 6.83e-01  4.53e+03     1s
  57  -1.58394968e+05  8.21640446e+04  9.77e-05 1.18e+00  1.32e+03     1s
  58  -1.19948557e+05  6.36885297e+04  6.81e-05 5.62e-01  9.41e+02     1s
  59  -8.23118993e+04  4.40197192e+04  4.36e-05 5.18e-01  5.93e+02     1s
  60  -4.54854175e+04  2.90571021e+04  1.08e-04 4.68e-01  3.09e+02     1s
  61  -2.51960530e+04  2.27907410e+04  9.16e-05 4.18e-01  1.77e+02     1s
  62  -3.59846444e+03  1.52950307e+04  1.18e-04 1.02e-02  5.64e+01     1s
  63   4.76917684e+03  1.04953032e+04  3.52e-05 4.36e-01  1.33e+01     1s
  64   6.67680516e+03  9.17725235e+03  1.70e-05 3.30e-01  5.35e+00     1s
  65   7.12161926e+03  8.88362440e+03  1.25e-05 2.99e-02  3.75e+00     1s
  66   7.44750493e+03  8.65900004e+03  9.08e-06 6.15e-01  2.59e+00     1s
  67   7.76267180e+03  8.55085551e+03  5.76e-06 5.16e-01  1.60e+00     1s
  68   7.88910313e+03  8.44908826e+03  4.63e-06 1.56e-02  1.16e+00     1s
  69   8.05930553e+03  8.36133084e+03  1.04e-04 4.80e-01  6.21e-01     1s
  70   8.15104877e+03  8.32022779e+03  6.01e-05 1.31e-02  3.09e-01     1s
  71   8.23094641e+03  8.27930165e+03  3.02e-05 2.02e-02  7.16e-02     1s
  72   8.25739173e+03  8.26634224e+03  1.10e-05 5.17e-01  9.68e-03     1s
  73   8.26169251e+03  8.26296254e+03  3.21e-05 4.51e-01  1.04e-03     1s
  74   8.26209408e+03  8.26238700e+03  1.91e-05 1.88e-02  2.96e-04     1s
  75   8.26093955e+03  8.26128492e+03  4.33e-06 7.05e-02  4.12e-04     1s
  76   8.25774587e+03  8.25941422e+03  3.70e-06 8.51e-02  9.45e-04     1s
  77   8.25499559e+03  8.24991255e+03  3.72e-05 1.02e-01  2.31e-03     1s
  78   8.24769666e+03  8.24464943e+03  4.62e-05 1.01e+00  4.14e-03     1s
  79   8.20591967e+03  8.23722667e+03  3.34e-05 1.33e-02  7.85e-03     1s
  80   8.20480719e+03  8.23307522e+03  3.18e-05 4.55e-01  8.06e-03     1s
  81   8.20200263e+03  8.22449400e+03  2.90e-05 5.12e-01  8.60e-03     1s
  82   8.19009711e+03  8.21041002e+03  2.73e-05 1.05e-02  1.02e-02     1s
  83   8.18844829e+03  8.20780302e+03  2.68e-05 1.09e-02  1.04e-02     1s
  84   8.17578598e+03  8.19791949e+03  2.44e-05 1.34e-02  1.15e-02     1s
  85   8.16874042e+03  8.19187078e+03  2.22e-05 7.47e-03  1.14e-02     1s
  86   8.15931926e+03  8.18351494e+03  2.12e-05 5.54e-01  1.28e-02     1s
  87   8.15538237e+03  8.17890132e+03  2.04e-05 1.83e-02  1.29e-02     1s
  88   8.15387341e+03  8.17535482e+03  1.99e-05 5.96e-01  1.29e-02     1s
  89   8.14867207e+03  8.17074185e+03  1.91e-05 6.37e-01  1.31e-02     1s

Barrier performed 89 iterations in 0.91 seconds (1.05 work units)
Barrier solve interrupted - model solved by another algorithm


Solved with dual simplex
Extra simplex iterations after uncrush: 454
Iteration    Objective       Primal Inf.    Dual Inf.      Time
    7046    7.6709302e+03   0.000000e+00   0.000000e+00      1s

Solved in 7046 iterations and 1.00 seconds (1.34 work units)
Optimal objective  7.670930234e+03

Gurobi 10.0.3 (win64, gurobi_cl) logging started Sat Dec 16 14:12:23 2023

Set parameter Username
Set parameter LogFile to value "gurobi.log"

--------------------------------------------
Warning: your license will expire in 3 days
--------------------------------------------

Academic license - for non-commercial use only - expires 2023-12-19
Using license file C:\Users\bruno\gurobi.lic

Gurobi Optimizer version 10.0.3 build v10.0.3rc0 (win64)
Copyright (c) 2023, Gurobi Optimization, LLC

Read LP format model from file dual.lp
Reading time = 0.06 seconds
: 11002 rows, 32356 columns, 66907 nonzeros

CPU model: Intel(R) Core(TM) i7-8700 CPU @ 3.20GHz, instruction set [SSE2|AVX|AVX2]
Thread count: 6 physical cores, 12 logical processors, using up to 12 threads

Optimize a model with 11002 rows, 32356 columns and 66907 nonzeros
Model fingerprint: 0xd11c11f6
Coefficient statistics:
  Matrix range     [9e-05, 1e+20]
  Objective range  [2e-02, 3e+21]
  Bounds range     [1e+00, 1e+00]
  RHS range        [1e+00, 1e+00]
Warning: Model contains large matrix coefficient range
Warning: Model contains large objective coefficients
         Consider reformulating model or setting NumericFocus parameter
         to avoid numerical issues.
Presolve removed 6328 rows and 22322 columns
Presolve time: 0.08s
Presolved: 4674 rows, 10034 columns, 41595 nonzeros

Concurrent LP optimizer: primal simplex, dual simplex, and barrier
Showing barrier log only...

Ordering time: 0.00s

Barrier statistics:
 Dense cols : 10
 Free vars  : 1170
 AA' NZ     : 7.147e+04
 Factor NZ  : 3.621e+05 (roughly 9 MB of memory)
 Factor Ops : 5.966e+07 (less than 1 second per iteration)
 Threads    : 4

                  Objective                Residual
Iter       Primal          Dual         Primal    Dual     Compl     Time
   0  -1.58789607e+18  1.19510840e+15  1.77e+04 3.81e+15  1.42e+12     0s
   1  -1.44619841e+18  1.19504132e+15  1.77e+04 3.81e+15  1.44e+12     0s
   2  -1.68043463e+18  7.22666291e+14  1.75e+04 1.84e+15  1.55e+13     0s
   3  -7.29701914e+17  2.70852625e+14  7.53e+03 4.91e+14  1.52e+13     0s
   4  -6.47907793e+16  1.87230787e+14  1.20e+03 1.84e+14  1.37e+12     0s
   5  -1.80719526e+16  8.97716503e+13  5.01e+02 5.90e+13  5.86e+11     0s
   6  -5.01885547e+15  5.03195355e+13  1.86e+02 2.65e+13  1.61e+11     0s
   7  -1.66475171e+14  1.31916831e+13  1.29e+02 5.88e+12  1.03e+10     0s
   8  -4.59351633e+13  4.23708472e+12  1.16e+02 1.78e+12  3.06e+09     0s
   9  -1.58938431e+13  1.67317114e+12  8.77e+01 6.77e+11  9.94e+08     0s
  10  -2.76445125e+12  6.65912550e+11  2.12e+01 2.59e+11  3.09e+08     0s
  11  -8.49447978e+10  8.29115627e+10  2.04e-02 3.07e+10  3.51e+07     0s
  12  -9.79559211e+07  2.31248947e+08  1.25e-03 7.07e+07  8.50e+04     0s
  13  -4.43372616e+07  1.04862364e+08  2.96e-04 3.12e+07  3.78e+04     0s
  14  -4.48208782e+07  1.01439440e+08  1.80e-04 3.01e+07  3.69e+04     0s
  15  -1.58789891e+19  1.21772843e+15  1.77e+05 3.81e+15  1.33e+13     0s
  16  -1.58717772e+19  6.16132166e+15  1.77e+05 3.82e+15  2.97e+13     0s
  17  -1.58111758e+19  2.06242089e+16  1.77e+05 3.82e+15  1.13e+14     0s
  18  -1.56251674e+19  4.19286707e+16  1.77e+05 3.83e+15  3.10e+14     0s
  19  -1.45790754e+19  1.34963225e+17  1.77e+05 3.81e+15  1.25e+15     0s
  20  -1.16326105e+19  1.63802007e+17  1.43e+05 2.23e+15  9.69e+14     0s
  21  -8.75961176e+17  9.86182685e+16  4.83e+04 7.20e+14  2.29e+14     0s
  22  -1.84526375e+17  2.27473629e+16  2.92e+04 1.59e+14  3.54e+13     0s
  23  -7.19412583e+16  1.00238698e+16  1.14e+04 6.59e+13  1.30e+13     0s
  24  -1.47274411e+16  2.01959413e+15  2.35e+03 1.23e+13  2.20e+12     0s
  25  -6.33420955e+14  1.39930248e+14  1.07e+02 4.93e+11  9.44e+10     0s
  26  -5.51953413e+12  1.97759075e+13  9.98e-01 6.88e+10  1.25e+10     0s
  27  -5.81490443e+11  6.10680846e+12  1.48e-01 2.22e+09  8.17e+08     0s
  28  -4.45810836e+10  2.29796593e+12  1.57e-01 6.45e+08  2.58e+08     0s
  29  -2.37027113e+11  6.60699359e+11  4.81e-01 2.50e+08  5.91e+07     0s
  30  -1.15683178e+09  7.61955922e+10  5.67e-01 2.86e+07  4.93e+06     0s
  31  -1.58945981e+09  2.24415241e+10  1.38e-01 8.82e+06  3.00e+06     0s
  32  -1.21377460e+09  1.82867873e+10  8.33e-02 7.23e+06  2.59e+06     0s
  33  -9.45004279e+08  1.78455630e+10  3.63e-02 7.06e+06  3.06e+06     0s
  34  -8.32153568e+08  1.63922651e+10  1.24e+00 6.50e+06  3.77e+09     0s
  35  -1.23125255e+09  1.50711101e+10  1.23e+00 2.45e+01  2.64e+09     0s
  36  -3.32403774e+09  1.37142744e+10  5.89e-02 2.26e+01  1.18e+08     0s
  37  -2.74983350e+09  1.35142586e+10  9.23e+00 2.23e+01  5.28e+10     0s
  38  -2.58636565e+09  8.85356538e+09  6.73e+00 1.57e+01  2.74e+10     0s
  39  -2.26157666e+09  5.38702122e+09  5.24e+00 1.04e+01  9.16e+09     0s
  40  -1.93201683e+09  1.78491315e+09  3.96e+00 4.35e+00  3.00e+09     0s
  41  -1.01587793e+09  5.57133073e+08  1.86e+00 1.09e+01  5.82e+08     0s
  42  -5.08201210e+08  2.55512159e+08  8.65e-01 7.45e+00  1.52e+08     0s
  43  -2.13661701e+08  1.78935103e+08  3.16e-01 6.25e+00  4.47e+07     0s
  44  -8.09749649e+07  1.52326703e+08  1.32e-01 4.48e+00  7.50e+05     0s
  45  -6.45829954e+07  1.13795286e+08  1.91e-01 3.54e+00  1.88e+06     0s
  46  -4.52894330e+07  4.77277186e+07  1.55e-01 2.08e+00  9.22e+06     0s
  47  -2.24084604e+07  7.93726700e+06  2.26e-02 5.39e-01  1.51e+04     0s
  48  -5.30289632e+06  2.16786580e+06  2.04e-02 4.74e-01  6.58e+03     0s
  49  -1.28258441e+06  3.68583011e+05  1.61e-02 1.26e-02  1.40e+03     0s
  50  -2.84645314e+05  1.16915569e+05  9.33e-03 3.37e-01  3.12e+02     1s
  51  -1.98236016e+05  6.53481099e+04  6.82e-03 6.07e-01  2.40e+02     1s
  52  -1.81236984e+05  4.67224334e+04  6.23e-03 5.74e-01  5.74e+02     1s
  53  -6.86572297e+04  2.96378429e+04  3.05e-03 1.20e-02  4.27e+02     1s
  54  -4.26991786e+04  2.10831409e+04  1.35e-03 1.11e-02  2.62e+02     1s
  55  -3.40197248e+04  1.90072593e+04  5.14e-04 1.09e-02  2.10e+02     1s
  56  -1.58624314e+04  1.75144425e+04  2.93e-04 1.48e-02  1.31e+02     1s
  57  -1.40131705e+04  1.55972742e+04  2.70e-04 8.81e-01  1.36e+02     1s
  58  -5.71386456e+03  1.40349863e+04  1.68e-04 3.70e-01  1.88e+02     1s
  59   1.82077317e+02  1.18080747e+04  1.19e-04 6.52e-01  1.77e+02     1s
  60   3.57012147e+03  1.04999852e+04  7.60e-05 1.06e-03  1.13e+02     1s
  61   4.92554493e+03  9.84537898e+03  5.18e-05 1.51e-02  7.18e+01     1s
  62   5.83563213e+03  9.39229280e+03  3.66e-05 4.26e-01  4.61e+01     1s
  63   6.76616908e+03  9.01698319e+03  2.25e-05 2.18e-02  2.42e+01     1s
  64   7.38343020e+03  8.67320265e+03  3.05e-05 5.42e-01  1.08e+01     1s
  65   7.99233450e+03  8.46571945e+03  3.91e-05 2.38e-02  2.74e+00     1s
  66   8.05517258e+03  8.38240451e+03  3.32e-05 1.39e+00  1.78e+00     1s
  67   8.14656702e+03  8.34533666e+03  1.96e-05 1.23e+00  9.36e-01     1s
  68   8.20540647e+03  8.30223204e+03  1.01e-05 1.08e+00  4.11e-01     1s
  69   8.24394864e+03  8.27952261e+03  2.44e-05 8.31e-01  1.16e-01     1s
  70   8.25597699e+03  8.26831197e+03  8.64e-06 2.22e-02  2.97e-02     1s
  71   8.25958087e+03  8.26353411e+03  3.82e-06 2.09e-02  9.63e-03     1s
  72   8.26222141e+03  8.26268252e+03  5.47e-06 5.42e-01  1.01e-03     1s
  73   8.26244165e+03  8.26242014e+03  2.91e-07 2.00e-02  9.13e-05     1s
  74   8.26244160e+03  8.26245184e+03  2.91e-07 2.57e+00  2.26e-04     1s
  75   8.26226246e+03  8.26241930e+03  3.23e-07 7.68e-01  5.38e-05     1s
  76   8.26226245e+03  8.26168864e+03  3.24e-07 1.08e-01  1.54e-04     1s
  77   8.26089197e+03  8.26154424e+03  5.45e-05 9.64e-02  2.28e-04     1s
  78   8.25996798e+03  8.25942262e+03  4.36e-05 5.07e-02  3.96e-04     1s
  79   8.25905851e+03  8.25886779e+03  4.16e-05 3.54e-01  5.19e-04     1s
  80   8.25832505e+03  8.25845115e+03  4.13e-05 4.25e-01  6.02e-04     1s
  81   8.25640749e+03  8.25494209e+03  4.11e-05 2.91e-02  9.69e-04     1s

Barrier performed 81 iterations in 0.91 seconds (0.99 work units)
Barrier solve interrupted - model solved by another algorithm


Solved with dual simplex
Extra simplex iterations after uncrush: 466
Iteration    Objective       Primal Inf.    Dual Inf.      Time
    6764    7.6709302e+03   0.000000e+00   0.000000e+00      1s

Solved in 6764 iterations and 1.00 seconds (1.27 work units)
Optimal objective  7.670930234e+03

Gurobi 10.0.3 (win64, gurobi_cl) logging started Sat Dec 16 14:13:27 2023

Set parameter Username
Set parameter Method to value 2
Set parameter LogFile to value "gurobi.log"

--------------------------------------------
Warning: your license will expire in 3 days
--------------------------------------------

Academic license - for non-commercial use only - expires 2023-12-19
Using license file C:\Users\bruno\gurobi.lic

Gurobi Optimizer version 10.0.3 build v10.0.3rc0 (win64)
Copyright (c) 2023, Gurobi Optimization, LLC

Read MPS format model from file sp.mps
Reading time = 0.06 seconds
day_ahead_subh_2: 22834 rows, 23481 columns, 58227 nonzeros

CPU model: Intel(R) Core(TM) i7-8700 CPU @ 3.20GHz, instruction set [SSE2|AVX|AVX2]
Thread count: 6 physical cores, 12 logical processors, using up to 12 threads

Optimize a model with 22834 rows, 23481 columns and 58227 nonzeros
Model fingerprint: 0x8fd491c2
Coefficient statistics:
  Matrix range     [9e-05, 1e+20]
  Objective range  [0e+00, 0e+00]
  Bounds range     [6e-02, 4e+03]
  RHS range        [4e-02, 3e+21]
Warning: Model contains large matrix coefficient range
Warning: Model contains large rhs
         Consider reformulating model or setting NumericFocus parameter
         to avoid numerical issues.
Presolve removed 16026 rows and 19831 columns
Presolve time: 0.00s

Solved in 0 iterations and 0.00 seconds (0.00 work units)
Infeasible model

Gurobi 10.0.3 (win64, gurobi_cl) logging started Sat Dec 16 14:13:44 2023

Set parameter Username
Set parameter LogFile to value "gurobi.log"

--------------------------------------------
Warning: your license will expire in 3 days
--------------------------------------------

Academic license - for non-commercial use only - expires 2023-12-19
Using license file C:\Users\bruno\gurobi.lic

Gurobi Optimizer version 10.0.3 build v10.0.3rc0 (win64)
Copyright (c) 2023, Gurobi Optimization, LLC

Read MPS format model from file sp.mps
Reading time = 0.06 seconds
day_ahead_subh_2: 22834 rows, 23481 columns, 58227 nonzeros

CPU model: Intel(R) Core(TM) i7-8700 CPU @ 3.20GHz, instruction set [SSE2|AVX|AVX2]
Thread count: 6 physical cores, 12 logical processors, using up to 12 threads

Optimize a model with 22834 rows, 23481 columns and 58227 nonzeros
Model fingerprint: 0x8fd491c2
Coefficient statistics:
  Matrix range     [9e-05, 1e+20]
  Objective range  [0e+00, 0e+00]
  Bounds range     [6e-02, 4e+03]
  RHS range        [4e-02, 3e+21]
Warning: Model contains large matrix coefficient range
Warning: Model contains large rhs
         Consider reformulating model or setting NumericFocus parameter
         to avoid numerical issues.
Presolve time: 0.01s

Solved in 0 iterations and 0.01 seconds (0.00 work units)
Infeasible model

Gurobi 10.0.3 (win64, gurobi_cl) logging started Sat Dec 16 14:14:10 2023

Set parameter Username
Set parameter Method to value 2
Set parameter LogFile to value "gurobi.log"

--------------------------------------------
Warning: your license will expire in 3 days
--------------------------------------------

Academic license - for non-commercial use only - expires 2023-12-19
Using license file C:\Users\bruno\gurobi.lic

Gurobi Optimizer version 10.0.3 build v10.0.3rc0 (win64)
Copyright (c) 2023, Gurobi Optimization, LLC

Read MPS format model from file dual.mps
Reading time = 0.08 seconds
dual: 11002 rows, 32356 columns, 66907 nonzeros

CPU model: Intel(R) Core(TM) i7-8700 CPU @ 3.20GHz, instruction set [SSE2|AVX|AVX2]
Thread count: 6 physical cores, 12 logical processors, using up to 12 threads

Optimize a model with 11002 rows, 32356 columns and 66907 nonzeros
Model fingerprint: 0x12f57be3
Coefficient statistics:
  Matrix range     [9e-05, 1e+20]
  Objective range  [2e-02, 3e+21]
  Bounds range     [1e+00, 1e+00]
  RHS range        [1e+00, 1e+00]
Warning: Model contains large matrix coefficient range
Warning: Model contains large objective coefficients
         Consider reformulating model or setting NumericFocus parameter
         to avoid numerical issues.
Presolve removed 6328 rows and 22328 columns
Presolve time: 0.06s
Presolved: 4674 rows, 10028 columns, 41589 nonzeros

Ordering time: 0.01s

Barrier statistics:
 Dense cols : 10
 Free vars  : 1170
 AA' NZ     : 7.147e+04
 Factor NZ  : 3.621e+05 (roughly 9 MB of memory)
 Factor Ops : 5.966e+07 (less than 1 second per iteration)
 Threads    : 6

                  Objective                Residual
Iter       Primal          Dual         Primal    Dual     Compl     Time
   0  -4.85835401e+16  1.73385163e+03  5.40e+02 3.81e+15  4.13e+10     0s
   1  -4.42441167e+16  2.48331281e+06  5.40e+02 3.81e+15  4.20e+10     0s
   2  -4.71095156e+16  1.98234782e+10  5.38e+02 1.59e+15  3.35e+11     0s
   3  -2.63667643e+16  9.70490888e+10  3.32e+02 7.24e+14  3.69e+11     0s
   4  -2.41176463e+15  8.38482646e+10  4.24e+01 2.50e+14  5.48e+10     0s
   5  -3.96774336e+14  8.42537548e+10  9.91e+01 1.97e+14  1.16e+10     0s
   6  -1.33746934e+16  9.74794327e+10  7.23e+01 1.44e+14  1.97e+11     0s
   7  -1.51084769e+13  6.49998114e+10  8.97e+01 3.32e+13  8.60e+08     0s
   8  -3.15834321e+11  2.34250175e+10  3.26e+01 9.35e+12  1.74e+08     0s
   9  -2.62777350e+09  1.29088124e+10  1.84e+01 3.60e+12  6.89e+07     0s
  10  -4.33553716e+08  5.26960880e+09  1.02e+01 1.17e+12  2.29e+07     0s
  11  -3.03057960e+08  3.25823575e+09  5.59e+00 6.43e+11  1.30e+07     0s
  12  -2.56688274e+08  2.14565242e+09  6.33e+00 3.73e+11  7.70e+06     0s
  13  -1.09637520e+08  1.25551185e+09  7.33e+00 1.88e+11  4.01e+06     0s
  14  -5.60519274e+07  6.55405694e+08  1.75e+01 8.47e+10  1.94e+06     0s
  15  -3.55753955e+07  3.69279486e+08  7.70e+00 4.33e+10  1.02e+06     0s
  16  -1.76511638e+07  2.16204134e+08  2.71e+00 2.21e+10  5.31e+05     0s
  17  -3.49383176e+06  1.33651518e+08  6.87e-01 1.29e+10  3.11e+05     0s
  18  -1.97650253e+06  1.79423546e+07  1.92e-01 1.18e+09  2.99e+04     0s
  19  -3.71353724e+05  1.61792364e+06  2.48e-05 8.93e+07  2.33e+03     0s
  20  -1.60802905e+05  6.63647691e+05  7.80e-06 3.20e+07  8.49e+02     0s
  21  -8.38916873e+04  1.40722955e+05  1.05e-06 5.76e+06  1.65e+02     0s
  22  -5.79091007e+04  1.29513581e+05  5.90e-07 5.30e+06  1.45e+02     0s
  23  -1.18376366e+19  1.73385163e+03  1.32e+05 3.81e+15  1.00e+13     0s
  24  -1.18336124e+19  7.00423938e+13  1.32e+05 3.82e+15  1.69e+13     0s
  25  -1.17892326e+19  1.10298611e+15  1.32e+05 3.82e+15  8.07e+13     0s
  26  -1.16167946e+19  6.69317585e+15  1.32e+05 3.83e+15  2.95e+14     0s
  27* -1.05280212e+19  2.68529344e+16  2.03e+03 4.66e+13  1.16e+11     0s
  28* -4.93725701e+18  2.34427559e+16  1.29e+03 1.18e+13  3.27e+10     0s
  29* -1.28152403e+18  2.19137292e+16  7.89e+02 4.36e+12  1.14e+10     0s
  30* -5.71148642e+17  1.48566324e+16  3.64e+02 1.49e+12  4.19e+09     0s
  31  -2.25815880e+16  3.71339207e+15  6.59e+02 1.25e+13  4.08e+12     0s
  32  -2.99840224e+14  1.29291646e+13  8.61e+00 1.57e+09  4.41e+09     0s
  33  -2.00366260e+12  4.54778129e+12  7.20e-02 5.07e+08  5.43e+08     0s
  34  -5.89533911e+11  3.64865743e+12  2.16e-01 9.87e+07  2.77e+08     0s
  35  -8.16930041e+10  2.04148958e+12  3.33e-01 3.36e+07  1.31e+08     0s
  36  -3.44131524e+10  4.42204557e+11  6.35e-01 7.48e+06  1.85e+07     0s
  37  -1.14592649e+10  3.21912111e+11  5.26e-01 5.51e+06  1.54e+07     0s
  38  -3.99468837e+09  2.82832247e+11  3.46e-01 4.85e+06  1.96e+07     0s
  39* -3.45758670e+09  2.77574540e+11  5.82e-02 5.76e+04  2.70e+04     0s
  40* -2.82484259e+09  2.35494461e+11  9.55e-02 9.83e+00  9.27e+04     0s
  41* -2.07476951e+09  2.13732549e+11  1.44e-01 8.47e+00  2.20e+03     0s
  42* -2.36308872e+09  1.85037969e+11  3.23e-01 7.16e+00  7.34e+05     0s
  43  -6.94159120e+10  1.50957668e+11  2.49e+00 9.72e+00  1.31e+09     0s
  44  -3.91641211e+10  1.36679510e+11  3.86e+00 9.35e+00  6.68e+07     0s
  45  -2.68835714e+10  1.06784229e+11  5.68e+00 8.58e+00  1.67e+08     0s
  46  -1.90000731e+10  5.75193539e+10  4.69e+00 6.37e+00  1.73e+08     0s
  47  -1.40025826e+10  5.09254243e+10  1.26e+01 5.91e+00  1.16e+09     0s
  48  -7.56356677e+09  4.43626599e+10  1.07e+01 5.51e+00  1.33e+07     0s
  49  -6.29035545e+09  4.33507832e+10  2.30e+01 5.44e+00  1.31e+07     0s
  50  -3.37148811e+09  2.48046842e+08  1.63e+01 7.24e+00  7.40e+05     0s
  51  -3.16856762e+09  9.24193886e+07  1.50e+01 1.74e+00  4.57e+05     0s
  52  -3.16210222e+09  6.78012705e+07  1.50e+01 4.10e+00  1.45e+08     0s
  53  -2.29874446e+09  7.15833108e+07  1.15e+01 4.13e+00  7.66e+08     0s
  54  -1.47502378e+09  1.13563373e+08  7.71e+00 2.63e+00  3.19e+08     0s
  55  -9.54703573e+08  4.96889427e+07  5.09e+00 9.41e-01  7.39e+07     0s
  56  -4.48486570e+08  4.91181664e+07  2.51e+00 1.29e+00  2.57e+07     0s
  57  -2.12781772e+08  1.34381650e+07  1.23e+00 2.24e-01  4.05e+06     0s
  58  -1.46153803e+08  7.01991772e+06  8.74e-01 9.35e-01  1.63e+06     0s
  59  -2.36346414e+07  6.58975145e+06  1.74e-01 7.56e-01  4.54e+05     0s
  60  -1.50391633e+07  2.80922425e+06  1.21e-01 7.99e-02  2.02e+05     0s
  61  -1.09117099e+07  1.59963686e+06  9.53e-02 4.48e-01  1.00e+05     0s
  62  -6.56767835e+06  7.56074964e+05  6.45e-02 4.41e-02  5.05e+04     0s
  63  -2.79497274e+06  3.50373435e+05  3.10e-02 6.91e-01  1.51e+04     1s
  64  -2.12567893e+06  2.04803704e+05  2.44e-02 2.85e-02  1.22e+04     1s
  65  -1.39279808e+06  1.29766199e+05  1.63e-02 2.71e-02  7.67e+03     1s
  66  -9.10957751e+05  1.07951482e+05  1.07e-02 5.64e-01  5.01e+03     1s
  67  -4.01016960e+05  6.07121622e+04  4.71e-03 5.99e-01  2.07e+03     1s
  68  -3.48296354e+05  4.19423845e+04  3.67e-03 5.50e-01  1.72e+03     1s
  69  -2.53165249e+05  3.02924728e+04  2.43e-03 8.63e-01  1.20e+03     1s
  70  -2.39089607e+05  2.21710837e+04  2.08e-03 4.29e-01  1.07e+03     1s
  71  -1.65509481e+05  1.92088596e+04  1.49e-03 1.77e-02  6.78e+02     1s
  72  -1.32492577e+05  1.67839222e+04  1.22e-03 1.82e-02  5.08e+02     1s
  73  -1.16024765e+05  1.55144935e+04  1.08e-03 1.66e-02  4.52e+02     1s
  74  -7.33666278e+04  1.47746985e+04  8.61e-03 1.25e-02  1.78e+04     1s
  75  -4.19938076e+04  1.40311060e+04  5.50e-03 5.33e-01  8.55e+03     1s
  76  -2.39435453e+04  1.25396511e+04  3.58e-03 2.33e-02  3.11e+03     1s
  77  -5.59291116e+03  1.13652845e+04  1.64e-03 2.35e-02  8.21e+02     1s
  78   1.63776527e+03  1.02409650e+04  7.98e-04 2.62e-02  2.41e+02     1s
  79   4.77645182e+03  9.62829408e+03  4.18e-04 5.42e-01  8.98e+01     1s
  80   6.16492965e+03  9.12619823e+03  2.51e-04 2.59e-02  4.16e+01     1s
  81   6.93898561e+03  8.82028273e+03  2.13e-04 1.03e-02  2.06e+01     1s
  82   7.58831112e+03  8.57251602e+03  1.16e-04 1.58e-02  8.43e+00     1s
  83   7.71819561e+03  8.48241914e+03  9.70e-05 1.48e-02  7.02e+00     1s
  84   7.83876401e+03  8.42825548e+03  7.68e-05 4.44e-01  5.47e+00     1s
  85   7.96979012e+03  8.37970421e+03  5.39e-05 1.31e-02  3.67e+00     1s
  86   8.04172371e+03  8.35370654e+03  4.06e-05 1.21e-02  2.62e+00     1s
  87   8.11374219e+03  8.33264669e+03  2.37e-05 1.12e-02  1.64e+00     1s
  88   8.15010356e+03  8.31615150e+03  1.83e-05 1.04e-02  1.17e+00     1s
  89   8.17714100e+03  8.30485019e+03  2.88e-05 1.95e-02  8.43e-01     1s
  90   8.19400967e+03  8.29159675e+03  2.08e-05 2.75e-02  6.23e-01     1s
  91   8.23980459e+03  8.27534340e+03  2.15e-05 8.66e-01  1.66e-01     1s
  92   8.25561842e+03  8.26619938e+03  3.61e-05 2.07e-02  4.18e-02     1s
  93   8.26157390e+03  8.26311116e+03  8.57e-05 8.09e-03  3.89e-03     1s
  94   8.26220652e+03  8.26272710e+03  3.07e-05 1.36e-02  1.21e-03     1s
  95   8.26253789e+03  8.26260359e+03  3.54e-06 2.63e-02  1.37e-04     1s
  96   8.26257326e+03  8.26258203e+03  5.62e-07 1.06e-02  1.80e-05     1s
  97   8.26257326e+03  8.26258057e+03  5.62e-07 6.80e-01  1.39e-05     1s
  98   8.26257326e+03  8.26258019e+03  5.61e-07 1.06e-02  5.43e-06     1s
  99   8.26257326e+03  8.26257995e+03  5.61e-07 3.40e-01  1.95e-06     1s
 100   8.26257417e+03  8.26257954e+03  4.80e-07 6.75e-01  1.58e-06     1s
 101   8.26257478e+03  8.26257949e+03  4.24e-07 2.11e-02  1.39e-06     1s
 102   8.26257495e+03  8.26257947e+03  4.08e-07 3.38e-01  1.34e-06     1s
 103   8.26257518e+03  8.26257945e+03  3.87e-07 6.75e-01  1.27e-06     1s
 104   8.26257553e+03  8.26257944e+03  3.55e-07 3.38e-01  1.17e-06     1s
 105   8.26257589e+03  8.26257944e+03  3.23e-07 1.35e+00  1.07e-06     1s
 106   8.26257631e+03  8.26257943e+03  2.84e-07 1.35e+00  9.43e-07     1s
 107   8.26257813e+03  8.26257943e+03  1.18e-07 6.81e-01  3.99e-07     1s
 108   8.26257935e+03  8.26257943e+03  7.66e-09 3.28e-02  2.86e-08     1s
 109   8.26257939e+03  8.26257941e+03  3.17e-09 4.14e-02  1.91e-08     1s

Barrier solved model in 109 iterations and 0.99 seconds (1.25 work units)
Optimal objective 8.26257939e+03

Crossover log...

     371 DPushes remaining with DInf 0.0000000e+00                 1s
       0 DPushes remaining with DInf 0.0000000e+00                 1s

    2122 PPushes remaining with PInf 0.0000000e+00                 1s
       0 PPushes remaining with PInf 0.0000000e+00                 1s

  Push phase complete: Pinf 0.0000000e+00, Dinf 1.3264661e-12      1s

Iteration    Objective       Primal Inf.    Dual Inf.      Time
    2416    8.2625795e+03   0.000000e+00   0.000000e+00      1s

Solved in 2416 iterations and 1.05 seconds (1.30 work units)
Optimal objective  8.262579452e+03
Warning: unscaled primal violation = 50.7243 and residual = 13.7866

Gurobi 10.0.3 (win64, gurobi_cl) logging started Sat Dec 16 14:49:19 2023

Set parameter Username
Set parameter LogFile to value "gurobi.log"

--------------------------------------------
Warning: your license will expire in 3 days
--------------------------------------------

Academic license - for non-commercial use only - expires 2023-12-19
Using license file C:\Users\bruno\gurobi.lic

Gurobi Optimizer version 10.0.3 build v10.0.3rc0 (win64)
Copyright (c) 2023, Gurobi Optimization, LLC

Read MPS format model from file dual0.9261388891685638.mps
Reading time = 0.07 seconds
dual: 10991 rows, 32318 columns, 66620 nonzeros

CPU model: Intel(R) Core(TM) i7-8700 CPU @ 3.20GHz, instruction set [SSE2|AVX|AVX2]
Thread count: 6 physical cores, 12 logical processors, using up to 12 threads

Optimize a model with 10991 rows, 32318 columns and 66620 nonzeros
Model fingerprint: 0x868409aa
Coefficient statistics:
  Matrix range     [9e-05, 1e+02]
  Objective range  [2e-02, 8e+03]
  Bounds range     [1e+00, 1e+00]
  RHS range        [1e+00, 1e+00]
Presolve removed 6473 rows and 22308 columns
Presolve time: 0.06s
Presolved: 4518 rows, 10010 columns, 41679 nonzeros

Concurrent LP optimizer: primal simplex, dual simplex, and barrier
Showing barrier log only...

Ordering time: 0.00s

Barrier statistics:
 Dense cols : 8
 Free vars  : 1027
 AA' NZ     : 7.084e+04
 Factor NZ  : 3.564e+05 (roughly 9 MB of memory)
 Factor Ops : 5.845e+07 (less than 1 second per iteration)
 Threads    : 4

                  Objective                Residual
Iter       Primal          Dual         Primal    Dual     Compl     Time
   0  -1.29424118e+08  3.68327087e+07  2.42e+05 1.19e+03  3.42e+05     0s
   1  -6.89730407e+07  2.33421398e+07  1.39e+05 4.09e+02  1.31e+05     0s
   2  -3.56332296e+07  1.72668925e+07  7.65e+04 1.85e+02  6.41e+04     0s
   3  -2.17592879e+07  1.38203315e+07  3.87e+04 9.44e+01  3.35e+04     0s
   4  -1.26532647e+07  9.06862542e+06  1.65e+04 1.90e+01  9.45e+03     0s
   5  -4.19579502e+06  3.55220011e+06  6.90e+02 2.34e+00  1.28e+03     0s
   6  -2.09860959e+06  1.19154243e+06  2.16e+02 6.61e-01  4.06e+02     0s
   7  -1.67624811e+06  4.72441611e+05  1.58e+02 2.79e-01  2.34e+02     0s
   8  -7.43564676e+05  4.10538974e+05  5.51e+01 2.44e-01  1.23e+02     0s
   9  -3.60623687e+05  2.49345693e+05  1.93e+01 1.55e-01  6.17e+01     0s
  10  -1.85966506e+05  1.83120522e+05  7.74e+00 1.07e-01  3.59e+01     0s
  11  -7.77610525e+04  8.71432181e+04  2.93e+00 4.60e-02  1.51e+01     0s
  12  -4.70082973e+04  4.72247195e+04  1.87e+00 1.92e-02  8.22e+00     0s
  13  -3.37085489e+04  4.03653464e+04  1.44e+00 1.49e-02  6.40e+00     0s
  14  -1.96774814e+04  3.38436899e+04  1.01e+00 1.08e-02  4.58e+00     0s
  15  -7.16884367e+03  2.92923344e+04  6.30e-01 8.13e-03  3.10e+00     0s
  16   5.24258576e+03  2.47038856e+04  2.44e-01 5.59e-03  1.64e+00     0s
  17   9.97883137e+03  2.01374095e+04  1.07e-01 3.11e-03  8.54e-01     0s
  18   1.20255319e+04  1.75323775e+04  4.99e-02 1.76e-03  4.62e-01     0s
  19   1.27191425e+04  1.65719700e+04  3.08e-02 1.28e-03  3.23e-01     0s
  20   1.32155651e+04  1.54698266e+04  1.58e-02 7.59e-04  1.89e-01     0s
  21   1.33716485e+04  1.52083139e+04  1.20e-02 6.30e-04  1.54e-01     0s
  22   1.34259344e+04  1.47497221e+04  1.08e-02 4.02e-04  1.11e-01     0s
  23   1.36288894e+04  1.43557160e+04  5.31e-03 2.26e-04  6.08e-02     0s
  24   1.37815217e+04  1.42768817e+04  2.08e-03 1.90e-04  4.17e-02     0s
  25   1.38168492e+04  1.41840626e+04  1.32e-03 1.44e-04  3.09e-02     0s
  26   1.38343850e+04  1.40474652e+04  9.60e-04 7.60e-05  1.79e-02     0s
  27   1.38657008e+04  1.39673481e+04  3.50e-04 3.98e-05  8.57e-03     0s
  28   1.38746823e+04  1.39287272e+04  1.85e-04 2.06e-05  4.55e-03     0s
  29   1.38794518e+04  1.39126043e+04  1.01e-04 1.32e-05  2.80e-03     0s
  30   1.38835137e+04  1.38944279e+04  3.44e-05 3.99e-06  9.18e-04     0s
  31   1.38851254e+04  1.38869749e+04  1.08e-05 3.78e-07  1.52e-04     0s
  32   1.38856004e+04  1.38864890e+04  5.13e-06 3.67e-07  7.32e-05     0s
  33   1.38858377e+04  1.38861356e+04  2.26e-06 2.21e-07  2.44e-05     0s
  34   1.38859681e+04  1.38860300e+04  6.62e-07 1.58e-08  5.01e-06     0s
  35   1.38860245e+04  1.38860265e+04  1.16e-08 1.51e-08  1.64e-07     0s
  36   1.38860257e+04  1.38860257e+04  4.17e-09 1.26e-11  1.64e-10     0s

Barrier solved model in 36 iterations and 0.30 seconds (0.30 work units)
Optimal objective 1.38860257e+04

Crossover log...

     407 DPushes remaining with DInf 0.0000000e+00                 0s
       0 DPushes remaining with DInf 0.0000000e+00                 0s

    1931 PPushes remaining with PInf 0.0000000e+00                 0s
       0 PPushes remaining with PInf 0.0000000e+00                 0s

  Push phase complete: Pinf 0.0000000e+00, Dinf 8.4469324e-13      0s


Solved with barrier
Iteration    Objective       Primal Inf.    Dual Inf.      Time
    2341    1.3886026e+04   0.000000e+00   0.000000e+00      0s

Solved in 2341 iterations and 0.40 seconds (0.36 work units)
Optimal objective  1.388602567e+04

Gurobi 10.0.3 (win64, gurobi_cl) logging started Sat Dec 16 14:49:33 2023

Set parameter Username
Set parameter Method to value 2
Set parameter LogFile to value "gurobi.log"

--------------------------------------------
Warning: your license will expire in 3 days
--------------------------------------------

Academic license - for non-commercial use only - expires 2023-12-19
Using license file C:\Users\bruno\gurobi.lic

Gurobi Optimizer version 10.0.3 build v10.0.3rc0 (win64)
Copyright (c) 2023, Gurobi Optimization, LLC

Read MPS format model from file dual0.9261388891685638.mps
Reading time = 0.07 seconds
dual: 10991 rows, 32318 columns, 66620 nonzeros

CPU model: Intel(R) Core(TM) i7-8700 CPU @ 3.20GHz, instruction set [SSE2|AVX|AVX2]
Thread count: 6 physical cores, 12 logical processors, using up to 12 threads

Optimize a model with 10991 rows, 32318 columns and 66620 nonzeros
Model fingerprint: 0x868409aa
Coefficient statistics:
  Matrix range     [9e-05, 1e+02]
  Objective range  [2e-02, 8e+03]
  Bounds range     [1e+00, 1e+00]
  RHS range        [1e+00, 1e+00]
Presolve removed 6473 rows and 22308 columns
Presolve time: 0.08s
Presolved: 4518 rows, 10010 columns, 41679 nonzeros

Ordering time: 0.01s

Barrier statistics:
 Dense cols : 8
 Free vars  : 1027
 AA' NZ     : 7.084e+04
 Factor NZ  : 3.564e+05 (roughly 9 MB of memory)
 Factor Ops : 5.845e+07 (less than 1 second per iteration)
 Threads    : 6

                  Objective                Residual
Iter       Primal          Dual         Primal    Dual     Compl     Time
   0  -9.49571189e+04  9.91005804e+03  1.76e+02 2.18e+00  1.66e+02     0s
   1  -3.11515642e+04  3.64258498e+03  4.77e+01 6.59e+01  5.61e+01     0s
   2  -9.97610430e+03  9.95187668e+02  9.34e+00 8.70e+00  8.20e+00     0s
   3  -2.63507900e+03  5.67203974e+02  5.07e-04 1.11e+00  1.11e+00     0s
   4  -1.99976773e+03  3.68657158e+02  3.72e-04 6.54e-01  6.97e-01     0s
   5  -1.29036873e+03  3.19418956e+02  2.59e-04 5.59e-01  5.63e-01     0s
   6  -6.40356925e+02  3.04601003e+02  1.94e-04 5.05e-01  5.04e-01     0s
   7   5.80774986e+02  2.69561341e+02  1.21e-04 4.26e-01  3.97e-01     0s
   8   2.62711648e+03  2.52115280e+02  9.31e-05 3.47e-01  3.23e-01     0s
   9   5.87044505e+03  3.23935469e+02  7.68e-05 3.28e-01  3.34e-01     0s
  10   1.05982480e+04  7.63677951e+02  6.42e-05 2.87e-01  2.69e-01     0s
  11   1.06682765e+04  1.34072602e+03  5.56e-05 2.74e-01  2.57e-01     0s
  12   1.04357433e+04  3.59858387e+03  4.81e-05 2.13e-01  2.11e-01     0s
  13   1.08780760e+04  4.20869008e+03  4.07e-05 1.96e-01  1.87e-01     0s
  14   1.08781352e+04  4.52100367e+03  4.03e-05 1.88e-01  1.82e-01     0s
  15   1.09576540e+04  4.72407271e+03  3.92e-05 1.83e-01  1.77e-01     0s
  16   1.10826173e+04  5.21224550e+03  3.74e-05 1.70e-01  1.66e-01     0s
  17   1.13090161e+04  6.01714841e+03  3.27e-05 1.50e-01  1.45e-01     0s
  18   1.14835063e+04  6.52910423e+03  2.90e-05 1.37e-01  1.30e-01     0s
  19   1.16201668e+04  6.88226024e+03  2.64e-05 1.28e-01  1.20e-01     0s
  20   1.17165635e+04  7.41604675e+03  2.45e-05 1.15e-01  1.09e-01     0s
  21   1.17739948e+04  7.79424758e+03  2.34e-05 1.06e-01  1.02e-01     0s
  22   1.18895647e+04  8.11319725e+03  2.13e-05 9.89e-02  9.37e-02     0s
  23   1.20401524e+04  8.51174898e+03  1.85e-05 8.96e-02  8.31e-02     0s
  24   1.21622844e+04  8.74814463e+03  1.66e-05 8.42e-02  7.65e-02     0s
  25   1.22446442e+04  9.01530263e+03  1.54e-05 7.83e-02  7.09e-02     0s
  26   1.23311950e+04  9.20817382e+03  1.41e-05 7.40e-02  6.60e-02     0s
  27   1.24174782e+04  9.35038534e+03  1.32e-05 7.10e-02  6.28e-02     0s
  28   1.25109647e+04  9.54561850e+03  1.19e-05 6.68e-02  5.82e-02     0s
  29   1.25966581e+04  9.73527604e+03  1.09e-05 6.29e-02  5.42e-02     0s
  30   1.26776197e+04  9.88298468e+03  1.02e-05 5.99e-02  5.11e-02     0s
  31   1.27204578e+04  1.00189459e+04  9.74e-06 5.72e-02  4.88e-02     0s
  32   1.27889593e+04  1.01666224e+04  9.17e-06 5.43e-02  4.62e-02     0s
  33   1.28375575e+04  1.02990982e+04  8.70e-06 5.18e-02  4.40e-02     0s
  34   1.28647335e+04  1.04045807e+04  8.48e-06 4.98e-02  4.25e-02     0s
  35   1.29448222e+04  1.05042444e+04  7.97e-06 4.79e-02  4.05e-02     0s
  36   1.29889790e+04  1.06105320e+04  7.62e-06 4.60e-02  3.88e-02     0s
  37   1.30287557e+04  1.07258476e+04  7.17e-06 4.39e-02  3.69e-02     0s
  38   1.30618204e+04  1.08371844e+04  6.82e-06 4.19e-02  3.52e-02     0s
  39   1.31100098e+04  1.09143654e+04  6.55e-06 4.06e-02  3.40e-02     0s
  40   1.31447728e+04  1.09890251e+04  6.30e-06 3.93e-02  3.28e-02     0s
  41   1.31673574e+04  1.10652427e+04  6.14e-06 3.80e-02  3.18e-02     0s
  42   1.32037650e+04  1.11181005e+04  5.87e-06 3.72e-02  3.08e-02     0s
  43   1.32237642e+04  1.11781503e+04  5.72e-06 3.62e-02  3.00e-02     0s
  44   1.32513345e+04  1.12352320e+04  5.54e-06 3.52e-02  2.92e-02     0s
  45   1.32690645e+04  1.13009682e+04  5.42e-06 3.42e-02  2.84e-02     0s
  46   1.33071763e+04  1.13693699e+04  5.17e-06 3.31e-02  2.74e-02     0s
  47   1.33515329e+04  1.14231803e+04  4.83e-06 3.22e-02  2.62e-02     0s
  48   1.33747973e+04  1.15130750e+04  4.68e-06 3.08e-02  2.52e-02     0s
  49   1.33863451e+04  1.15355877e+04  4.61e-06 3.04e-02  2.49e-02     0s
  50   1.34100269e+04  1.16089551e+04  4.46e-06 2.93e-02  2.40e-02     0s
  51   1.34494806e+04  1.16834682e+04  4.17e-06 2.82e-02  2.28e-02     0s
  52   1.34622006e+04  1.17296634e+04  4.10e-06 2.75e-02  2.23e-02     0s
  53   1.34744859e+04  1.17864387e+04  4.03e-06 2.67e-02  2.18e-02     0s
  54   1.34921593e+04  1.18250095e+04  3.91e-06 2.61e-02  2.12e-02     0s
  55   1.35144337e+04  1.18893819e+04  3.77e-06 2.51e-02  2.05e-02     0s
  56   1.35330219e+04  1.19412282e+04  3.62e-06 2.44e-02  1.98e-02     0s
  57   1.35449842e+04  1.19972493e+04  3.50e-06 2.36e-02  1.91e-02     0s
  58   1.35598327e+04  1.20527296e+04  3.43e-06 2.28e-02  1.86e-02     0s
  59   1.35807405e+04  1.21247341e+04  3.32e-06 2.18e-02  1.79e-02     0s
  60   1.36055669e+04  1.22245310e+04  3.13e-06 2.04e-02  1.68e-02     0s
  61   1.36165912e+04  1.22415825e+04  3.07e-06 2.02e-02  1.66e-02     0s
  62   1.36271773e+04  1.22890642e+04  3.00e-06 1.95e-02  1.61e-02     0s
  63   1.36342591e+04  1.23152433e+04  2.96e-06 1.92e-02  1.62e-02     0s
  64   1.36600839e+04  1.23679624e+04  2.69e-06 1.85e-02  1.52e-02     0s
  65   1.36654465e+04  1.24177573e+04  2.61e-06 1.78e-02  1.23e-02     0s
  66   1.36730341e+04  1.24447185e+04  2.57e-06 1.75e-02  1.21e-02     0s
  67   1.36771399e+04  1.24680170e+04  2.51e-06 1.72e-02  1.19e-02     0s
  68   1.36905074e+04  1.25289200e+04  2.43e-06 1.64e-02  1.14e-02     0s
  69   1.36999057e+04  1.25834204e+04  2.37e-06 1.57e-02  1.11e-02     0s
  70   1.37235803e+04  1.26189891e+04  2.11e-06 1.52e-02  1.02e-02     0s
  71   1.37200701e+04  1.26609573e+04  2.07e-06 1.46e-02  1.01e-02     0s
  72   1.37393857e+04  1.27379183e+04  1.89e-06 1.36e-02  9.32e-03     0s
  73   1.37456484e+04  1.27842932e+04  1.83e-06 1.30e-02  8.96e-03     0s
  74   1.37542463e+04  1.28037808e+04  1.74e-06 1.28e-02  8.65e-03     0s
  75   1.37573525e+04  1.28611513e+04  1.63e-06 1.21e-02  8.23e-03     0s
  76   1.37666349e+04  1.29143447e+04  1.57e-06 1.14e-02  7.84e-03     0s
  77   1.37755729e+04  1.29568818e+04  1.50e-06 1.09e-02  7.48e-03     0s
  78   1.37808127e+04  1.29676069e+04  1.45e-06 1.07e-02  7.32e-03     0s
  79   1.37806562e+04  1.30069534e+04  1.43e-06 1.03e-02  7.20e-03     0s
  80   1.37862498e+04  1.30321290e+04  1.38e-06 9.94e-03  6.96e-03     0s
  81   1.37921491e+04  1.30422549e+04  1.33e-06 9.81e-03  6.79e-03     0s
  82   1.37954894e+04  1.30769378e+04  1.32e-06 9.38e-03  6.64e-03     0s
  83   1.38075852e+04  1.31152560e+04  1.25e-06 8.92e-03  6.28e-03     0s
  84   1.38101174e+04  1.31520415e+04  1.21e-06 8.47e-03  6.04e-03     0s
  85   1.38155254e+04  1.31992848e+04  1.13e-06 7.90e-03  5.65e-03     0s
  86   1.38223403e+04  1.32294465e+04  1.08e-06 7.54e-03  5.40e-03     0s
  87   1.38276773e+04  1.32755594e+04  1.02e-06 6.99e-03  5.05e-03     0s
  88   1.38334869e+04  1.33065067e+04  9.53e-07 6.62e-03  4.76e-03     1s
  89   1.38366980e+04  1.33206542e+04  9.04e-07 6.45e-03  4.57e-03     1s
  90   1.38399313e+04  1.33423450e+04  8.37e-07 6.20e-03  4.35e-03     1s
  91   1.38427862e+04  1.33834113e+04  7.80e-07 5.71e-03  4.05e-03     1s
  92   1.38483993e+04  1.34201092e+04  6.82e-07 5.28e-03  3.62e-03     1s
  93   1.38517603e+04  1.34343420e+04  6.38e-07 5.12e-03  3.45e-03     1s
  94   1.38554581e+04  1.34425380e+04  6.09e-07 5.02e-03  3.34e-03     1s
  95   1.38536759e+04  1.34681324e+04  6.04e-07 4.73e-03  3.27e-03     1s
  96   1.38561733e+04  1.34963494e+04  5.63e-07 4.40e-03  3.04e-03     1s
  97   1.38581913e+04  1.35182823e+04  5.32e-07 4.14e-03  2.87e-03     1s
  98   1.38612708e+04  1.35387929e+04  5.06e-07 3.91e-03  2.72e-03     1s
  99   1.38625083e+04  1.35741688e+04  4.86e-07 3.50e-03  2.53e-03     1s
 100   1.38646292e+04  1.35887116e+04  4.71e-07 3.33e-03  2.44e-03     1s
 101   1.38658873e+04  1.36004011e+04  4.52e-07 3.20e-03  2.34e-03     1s
 102   1.38664871e+04  1.36245449e+04  4.44e-07 2.93e-03  2.23e-03     1s
 103   1.38694174e+04  1.36429992e+04  3.94e-07 2.72e-03  2.01e-03     1s
 104   1.38714333e+04  1.36791106e+04  3.58e-07 2.31e-03  1.77e-03     1s
 105   1.38722490e+04  1.36830672e+04  3.46e-07 2.26e-03  1.72e-03     1s
 106   1.38734832e+04  1.36938878e+04  3.20e-07 2.14e-03  1.61e-03     1s
 107   1.38756443e+04  1.37274001e+04  2.67e-07 1.77e-03  1.33e-03     1s
 108   1.38757629e+04  1.37360020e+04  2.64e-07 1.67e-03  1.29e-03     1s
 109   1.38763032e+04  1.37452186e+04  2.52e-07 1.57e-03  1.22e-03     1s
 110   1.38769886e+04  1.37579323e+04  2.31e-07 1.42e-03  1.13e-03     1s
 111   1.38786402e+04  1.37875677e+04  1.89e-07 1.09e-03  9.10e-04     1s
 112   1.38822786e+04  1.38025801e+04  8.81e-08 9.23e-04  5.75e-04     1s
 113   1.38824518e+04  1.38080398e+04  8.49e-08 8.62e-04  5.45e-04     1s
 114   1.38827607e+04  1.38225903e+04  7.53e-08 7.00e-04  4.61e-04     1s
 115   1.38829811e+04  1.38258299e+04  7.08e-08 6.64e-04  4.37e-04     1s
 116   1.38837235e+04  1.38317300e+04  5.16e-08 5.98e-04  3.65e-04     1s
 117   1.38840271e+04  1.38379288e+04  4.43e-08 5.29e-04  3.19e-04     1s
 118   1.38843084e+04  1.38422612e+04  3.85e-08 4.81e-04  2.85e-04     1s
 119   1.38844797e+04  1.38467032e+04  3.53e-08 4.32e-04  2.57e-04     1s
 120   1.38846265e+04  1.38526535e+04  2.98e-08 3.66e-04  2.21e-04     1s
 121   1.38848686e+04  1.38543369e+04  2.78e-08 3.47e-04  2.08e-04     1s
 122   1.38851676e+04  1.38575637e+04  1.97e-08 3.12e-04  1.71e-04     1s
 123   1.38853404e+04  1.38582285e+04  1.49e-08 3.04e-04  1.54e-04     1s
 124   1.38853918e+04  1.38590588e+04  1.37e-08 2.95e-04  1.47e-04     1s
 125   1.38855867e+04  1.38620196e+04  1.39e-08 2.63e-04  1.21e-04     1s
 126   1.38856693e+04  1.38676379e+04  1.12e-08 2.01e-04  9.15e-05     1s
 127   1.38857341e+04  1.38686346e+04  8.46e-09 1.90e-04  8.26e-05     1s
 128   1.38858005e+04  1.38731716e+04  6.30e-09 1.40e-04  6.15e-05     1s
 129   1.38858432e+04  1.38739334e+04  5.61e-09 1.32e-04  5.71e-05     1s
 130   1.38858764e+04  1.38743958e+04  4.79e-09 1.27e-04  5.35e-05     1s
 131   1.38859055e+04  1.38759273e+04  5.43e-09 1.10e-04  5.00e-05     1s
 132   1.38859310e+04  1.38767244e+04  4.93e-09 1.01e-04  4.59e-05     1s
 133   1.38859330e+04  1.38779972e+04  4.57e-09 8.75e-05  4.03e-05     1s
 134   1.38859574e+04  1.38793458e+04  6.50e-09 7.28e-05  3.26e-05     1s
 135   1.38859783e+04  1.38822832e+04  5.25e-09 4.09e-05  2.02e-05     1s
 136   1.38860122e+04  1.38831531e+04  7.35e-09 3.14e-05  1.35e-05     1s
 137   1.38860157e+04  1.38841441e+04  6.64e-09 2.06e-05  9.13e-06     1s
 138   1.38860219e+04  1.38854071e+04  1.38e-08 6.79e-06  3.30e-06     1s
 139   1.38860256e+04  1.38859779e+04  7.71e-09 5.25e-07  2.45e-07     1s
 140   1.38860257e+04  1.38860257e+04  4.65e-09 5.89e-11  8.42e-12     1s

Barrier solved model in 140 iterations and 0.73 seconds (0.79 work units)
Optimal objective 1.38860257e+04

Crossover log...

     333 DPushes remaining with DInf 0.0000000e+00                 1s
       0 DPushes remaining with DInf 0.0000000e+00                 1s

    1943 PPushes remaining with PInf 0.0000000e+00                 1s
       0 PPushes remaining with PInf 0.0000000e+00                 1s

  Push phase complete: Pinf 0.0000000e+00, Dinf 8.1287537e-13      1s

Iteration    Objective       Primal Inf.    Dual Inf.      Time
    2267    1.3886026e+04   0.000000e+00   0.000000e+00      1s

Solved in 2267 iterations and 0.81 seconds (0.84 work units)
Optimal objective  1.388602567e+04
